0 info it worked if it ends with ok
1 verbose cli [ 'node',
1 verbose cli   '/usr/local/bin/npm',
1 verbose cli   'install',
1 verbose cli   'browserfy',
1 verbose cli   '--save-dev' ]
2 info using npm@1.4.28
3 info using node@v0.10.32
4 warn package.json vision@1.0.0 No repository field.
5 verbose readDependencies using package.json deps
6 verbose cache add [ 'browserfy', null ]
7 verbose cache add name=undefined spec="browserfy" args=["browserfy",null]
8 verbose parsed url { protocol: null,
8 verbose parsed url   slashes: null,
8 verbose parsed url   auth: null,
8 verbose parsed url   host: null,
8 verbose parsed url   port: null,
8 verbose parsed url   hostname: null,
8 verbose parsed url   hash: null,
8 verbose parsed url   search: null,
8 verbose parsed url   query: null,
8 verbose parsed url   pathname: 'browserfy',
8 verbose parsed url   path: 'browserfy',
8 verbose parsed url   href: 'browserfy' }
9 silly lockFile 2feae5c7-browserfy browserfy
10 verbose lock browserfy /Users/mrichard4/.npm/2feae5c7-browserfy.lock
11 silly lockFile 2feae5c7-browserfy browserfy
12 silly lockFile 2feae5c7-browserfy browserfy
13 verbose addNamed [ 'browserfy', '' ]
14 verbose addNamed [ null, '*' ]
15 silly lockFile 21be378c-browserfy browserfy@
16 verbose lock browserfy@ /Users/mrichard4/.npm/21be378c-browserfy.lock
17 silly addNameRange { name: 'browserfy', range: '*', hasData: false }
18 verbose request where is /browserfy
19 verbose request registry https://registry.npmjs.org/
20 verbose request id 79c8b2f619ceaed3
21 verbose url raw /browserfy
22 verbose url resolving [ 'https://registry.npmjs.org/', './browserfy' ]
23 verbose url resolved https://registry.npmjs.org/browserfy
24 verbose request where is https://registry.npmjs.org/browserfy
25 info trying registry request attempt 1 at 12:40:15
26 http GET https://registry.npmjs.org/browserfy
27 http 404 https://registry.npmjs.org/browserfy
28 verbose headers { date: 'Wed, 29 Oct 2014 16:40:17 GMT',
28 verbose headers   server: 'CouchDB/1.5.0 (Erlang OTP/R16B03)',
28 verbose headers   'content-type': 'application/json',
28 verbose headers   'cache-control': 'max-age=0',
28 verbose headers   'content-length': '52',
28 verbose headers   'accept-ranges': 'bytes',
28 verbose headers   via: '1.1 varnish',
28 verbose headers   age: '0',
28 verbose headers   'x-served-by': 'cache-atl6224-ATL',
28 verbose headers   'x-cache': 'MISS',
28 verbose headers   'x-cache-hits': '0',
28 verbose headers   'x-timer': 'S1414600817.645636,VS0,VE25',
28 verbose headers   'keep-alive': 'timeout=10, max=50',
28 verbose headers   connection: 'Keep-Alive' }
29 silly registry.get cb [ 404,
29 silly registry.get   { date: 'Wed, 29 Oct 2014 16:40:17 GMT',
29 silly registry.get     server: 'CouchDB/1.5.0 (Erlang OTP/R16B03)',
29 silly registry.get     'content-type': 'application/json',
29 silly registry.get     'cache-control': 'max-age=0',
29 silly registry.get     'content-length': '52',
29 silly registry.get     'accept-ranges': 'bytes',
29 silly registry.get     via: '1.1 varnish',
29 silly registry.get     age: '0',
29 silly registry.get     'x-served-by': 'cache-atl6224-ATL',
29 silly registry.get     'x-cache': 'MISS',
29 silly registry.get     'x-cache-hits': '0',
29 silly registry.get     'x-timer': 'S1414600817.645636,VS0,VE25',
29 silly registry.get     'keep-alive': 'timeout=10, max=50',
29 silly registry.get     connection: 'Keep-Alive' } ]
30 silly lockFile 21be378c-browserfy browserfy@
31 silly lockFile 21be378c-browserfy browserfy@
32 error 404 404 Not Found: browserfy
32 error 404
32 error 404 'browserfy' is not in the npm registry.
32 error 404 You should bug the author to publish it
32 error 404 It was specified as a dependency of 'vision'
32 error 404
32 error 404 Note that you can also install from a
32 error 404 tarball, folder, or http url, or git url.
33 error System Darwin 13.4.0
34 error command "node" "/usr/local/bin/npm" "install" "browserfy" "--save-dev"
35 error cwd /Users/mrichard4/Documents/WORK/GITSPACE/amp_tracker
36 error node -v v0.10.32
37 error npm -v 1.4.28
38 error code E404
39 verbose exit [ 1, true ]
